<?xml version="1.0" encoding="UTF-8"?>
<!-- Generated by org.testng.reporters.JUnitXMLReporter -->
<testsuite ignored="0" hostname="LAPTOP-1U7NMQN4" failures="1" tests="6" name="Test" time="0.085" errors="0" timestamp="2023-06-05T15:17:54 IST">
  <testcase classname="com.datadriven.framework.AssertionTopics" name="data" time="0.021">
    <skipped/>
  </testcase> <!-- data -->
  <testcase classname="com.datadriven.framework.AssertionTopics" name="data" time="0.001">
    <skipped/>
  </testcase> <!-- data -->
  <testcase classname="com.datadriven.framework.AssertionTopics" name="data" time="0.001">
    <skipped/>
  </testcase> <!-- data -->
  <testcase classname="com.datadriven.framework.AssertionTopics" name="data" time="0.001">
    <skipped/>
  </testcase> <!-- data -->
  <testcase classname="com.datadriven.framework.AssertionTopics" name="data" time="0.002">
    <skipped/>
  </testcase> <!-- data -->
  <testcase classname="com.datadriven.framework.AssertionTopics" name="data" time="0.001">
    <failure type="java.lang.AssertionError" message="expected [Garuda] but found [garuda]">
      <![CDATA[java.lang.AssertionError: expected [Garuda] but found [garuda]
at com.datadriven.framework.AssertionTopics.data(AssertionTopics.java:15)
at java.base/java.util.ArrayList.forEach(ArrayList.java:1511)
... Removed 30 stack frames]]>
    </failure>
  </testcase> <!-- data -->
</testsuite> <!-- Test -->
